This is e-upTeX, Version 3.141592653-p4.1.2-u2.00-250202-2.6 (utf8.euc) (TeX Live 2025) (preloaded format=platex 2025.7.5)  12 MAY 2026 08:09
entering extended mode
 restricted \write18 enabled.
 file:line:error style messages enabled.
 %&-line parsing enabled.
**guide.tex
(./guide.tex
pLaTeX2e <2023-02-14>+1, based on
LaTeX2e <2025-06-01> patch level 1
L3 programming layer <2025-06-09>
(./jsai2e.cls
Document Class: jsai2e 1999/09/20
(/usr/local/texlive/2025/texmf-dist/tex/latex/base/latexsym.sty
Package: latexsym 1998/08/17 v2.2e Standard LaTeX package (lasy symbols)
\symlasy=\mathgroup4
LaTeX Font Info:    Overwriting symbol font `lasy' in version `bold'
(Font)                  U/lasy/m/n --> U/lasy/b/n on input line 52.
) (/usr/local/texlive/2025/texmf-dist/tex/latex/psnfss/times.sty
Package: times 2020/03/25 PSNFSS-v9.3 (SPQR) 
)
\c@@paper=\count274
LaTeX Font Info:    Font shape `JY1/mc/m/n' will be
(Font)              scaled to size 9.6222pt on input line 210.
LaTeX Font Info:    Trying to load font information for OT1+ptm on input line 210.
 (/usr/local/texlive/2025/texmf-dist/tex/latex/psnfss/ot1ptm.fd
File: ot1ptm.fd 2001/06/04 font definitions for OT1/ptm.
)
LaTeX Font Info:    Overwriting math alphabet `\mathtt' in version `normal'
(Font)                  OT1/cmtt/m/n --> OT1/pcr/m/n on input line 302.
\AuthItemHsizeSmall=\skip49
\AuthItemHsizeLarge=\skip50
\@authorcnt=\count275
\@totalnumber=\count276
\@alcnt=\count277
\@tempboxa=\box70
\@tempboxb=\box71
\@tempdima=\dimen164
\@keywordbox=\box72
\@summarybox=\box73
\@tempboxc=\box74
\@tempskip=\skip51
\@jiwaribox=\box75
\c@part=\count278
\c@chapter=\count279
\c@section=\count280
\c@subsection=\count281
\c@subsubsection=\count282
\c@paragraph=\count283
\c@subparagraph=\count284
\capwidth=\dimen165
\abovecaptionskip=\skip52
\belowcaptionskip=\skip53
\c@figure=\count285
\c@table=\count286
\@Tempboxa=\box76
\@Tempboxb=\box77
\@Tempdima=\dimen166
\verbatimleftmargin=\dimen167
\verbatimbaselineskip=\dimen168
\symmincho=\mathgroup5
LaTeX Font Info:    Overwriting symbol font `mincho' in version `bold'
(Font)                  JY1/mc/m/n --> JY1/gt/m/n on input line 1592.
\toclineskip=\dimen169
\@lnumwidth=\dimen170
\evennodoshift=\dimen171
\oddnodoshift=\dimen172
\evenkoguchishift=\dimen173
\oddkoguchishift=\dimen174
\mathindent=\dimen175
) (/usr/local/texlive/2025/texmf-dist/tex/latex/graphics/graphicx.sty
Package: graphicx 2024/12/31 v1.2e Enhanced LaTeX Graphics (DPC,SPQR)
 (/usr/local/texlive/2025/texmf-dist/tex/latex/graphics/keyval.sty
Package: keyval 2022/05/29 v1.15 key=value parser (DPC)
\KV@toks@=\toks18
) (/usr/local/texlive/2025/texmf-dist/tex/latex/graphics/graphics.sty
Package: graphics 2024/08/06 v1.4g Standard LaTeX Graphics (DPC,SPQR)
 (/usr/local/texlive/2025/texmf-dist/tex/latex/graphics/trig.sty
Package: trig 2023/12/02 v1.11 sin cos tan (DPC)
) (/usr/local/texlive/2025/texmf-dist/tex/latex/graphics-cfg/graphics.cfg
File: graphics.cfg 2016/06/04 v1.11 sample graphics configuration
)
Package graphics Info: Driver file: dvipdfmx.def on input line 106.
 (/usr/local/texlive/2025/texmf-dist/tex/latex/graphics-def/dvipdfmx.def
File: dvipdfmx.def 2022/09/22 v5.0m Graphics/color driver for dvipdfmx
))
\Gin@req@height=\dimen176
\Gin@req@width=\dimen177
) (/usr/local/texlive/2025/texmf-dist/tex/latex/fancybox/fancybox.sty
Package: fancybox 2010/05/15 1.4

Style option: `fancybox' v1.4 <2010/05/15> (tvz)
\@fancybox=\box78
\shadowsize=\dimen178
\@Sbox=\box79
\do@VerbBox=\toks19
\the@fancyput=\toks20
\this@fancyput=\toks21
\EndVerbatimTokens=\toks22
\Verbatim@Outfile=\write3
\Verbatim@Infile=\read2
) (/usr/local/texlive/2025/texmf-dist/tex/latex/comment/comment.sty
\CommentStream=\write4
 Excluding comment 'comment') (/usr/local/texlive/2025/texmf-dist/tex/latex/url/url.sty
\Urlmuskip=\muskip17
Package: url 2013/09/16  ver 3.4  Verb mode for urls, etc.
) (/usr/local/texlive/2025/texmf-dist/tex/latex/amsmath/amsmath.sty
Package: amsmath 2025/06/16 v2.17y AMS math features
\@mathmargin=\skip54

For additional information on amsmath, use the `?' option.
(/usr/local/texlive/2025/texmf-dist/tex/latex/amsmath/amstext.sty
Package: amstext 2024/11/17 v2.01 AMS text
 (/usr/local/texlive/2025/texmf-dist/tex/latex/amsmath/amsgen.sty
File: amsgen.sty 1999/11/30 v2.0 generic functions
\@emptytoks=\toks23
\ex@=\dimen179
)) (/usr/local/texlive/2025/texmf-dist/tex/latex/amsmath/amsbsy.sty
Package: amsbsy 1999/11/29 v1.2d Bold Symbols
\pmbraise@=\dimen180
) (/usr/local/texlive/2025/texmf-dist/tex/latex/amsmath/amsopn.sty
Package: amsopn 2022/04/08 v2.04 operator names
)
\inf@bad=\count287
LaTeX Info: Redefining \frac on input line 233.
\uproot@=\count288
\leftroot@=\count289
LaTeX Info: Redefining \overline on input line 398.
LaTeX Info: Redefining \colon on input line 409.
\classnum@=\count290
\DOTSCASE@=\count291
LaTeX Info: Redefining \ldots on input line 495.
LaTeX Info: Redefining \dots on input line 498.
LaTeX Info: Redefining \cdots on input line 619.
\Mathstrutbox@=\box80
\strutbox@=\box81
LaTeX Info: Redefining \big on input line 721.
LaTeX Info: Redefining \Big on input line 722.
LaTeX Info: Redefining \bigg on input line 723.
LaTeX Info: Redefining \Bigg on input line 724.
\big@size=\dimen181
LaTeX Font Info:    Redeclaring font encoding OML on input line 742.
LaTeX Font Info:    Redeclaring font encoding OMS on input line 743.
\macc@depth=\count292
LaTeX Info: Redefining \bmod on input line 904.
LaTeX Info: Redefining \pmod on input line 909.
LaTeX Info: Redefining \smash on input line 939.
LaTeX Info: Redefining \relbar on input line 969.
LaTeX Info: Redefining \Relbar on input line 970.
\c@MaxMatrixCols=\count293
\dotsspace@=\muskip18
\c@parentequation=\count294
\dspbrk@lvl=\count295
\tag@help=\toks24
\row@=\count296
\column@=\count297
\maxfields@=\count298
\andhelp@=\toks25
\eqnshift@=\dimen182
\alignsep@=\dimen183
\tagshift@=\dimen184
\tagwidth@=\dimen185
\totwidth@=\dimen186
\lineht@=\dimen187
\@envbody=\toks26
\multlinegap=\skip55
\multlinetaggap=\skip56
\mathdisplay@stack=\toks27
LaTeX Info: Redefining \[ on input line 2949.
LaTeX Info: Redefining \] on input line 2950.
) (/usr/local/texlive/2025/texmf-dist/tex/latex/tools/tabularx.sty
Package: tabularx 2023/12/11 v2.12a `tabularx' package (DPC)
 (/usr/local/texlive/2025/texmf-dist/tex/latex/tools/array.sty
Package: array 2025/06/08 v2.6j Tabular extension package (FMi)
\col@sep=\dimen188
\ar@mcellbox=\box82
\extrarowheight=\dimen189
\NC@list=\toks28
\extratabsurround=\skip57
\backup@length=\skip58
\ar@cellbox=\box83
)
\TX@col@width=\dimen190
\TX@old@table=\dimen191
\TX@old@col=\dimen192
\TX@target=\dimen193
\TX@delta=\dimen194
\TX@cols=\count299
\TX@ftn=\toks29
) (/usr/local/texlive/2025/texmf-dist/tex/latex/makecell/makecell.sty
Package: makecell 2009/08/03 V0.1e Managing of Tab Column Heads and Cells
\rotheadsize=\dimen195
\c@nlinenum=\count300
\TeXr@lab=\toks30
) (/usr/local/texlive/2025/texmf-dist/tex/latex/xcolor/xcolor.sty
Package: xcolor 2024/09/29 v3.02 LaTeX color extensions (UK)
 (/usr/local/texlive/2025/texmf-dist/tex/latex/graphics-cfg/color.cfg
File: color.cfg 2016/01/02 v1.6 sample color configuration
)
Package xcolor Info: Driver file: dvips.def on input line 274.
 (/usr/local/texlive/2025/texmf-dist/tex/latex/graphics-def/dvips.def
File: dvips.def 2022/09/22 v3.1e Graphics/color driver for dvips
) (/usr/local/texlive/2025/texmf-dist/tex/latex/graphics/mathcolor.ltx)
Package xcolor Info: Model `cmy' substituted by `cmy0' on input line 1349.
Package xcolor Info: Model `RGB' extended on input line 1365.
Package xcolor Info: Model `HTML' substituted by `rgb' on input line 1367.
Package xcolor Info: Model `Hsb' substituted by `hsb' on input line 1368.
Package xcolor Info: Model `tHsb' substituted by `hsb' on input line 1369.
Package xcolor Info: Model `HSB' substituted by `hsb' on input line 1370.
Package xcolor Info: Model `Gray' substituted by `gray' on input line 1371.
Package xcolor Info: Model `wave' substituted by `hsb' on input line 1372.
)
LaTeX Font Info:    Trying to load font information for OT1+pcr on input line 54.
 (/usr/local/texlive/2025/texmf-dist/tex/latex/psnfss/ot1pcr.fd
File: ot1pcr.fd 2001/06/04 font definitions for OT1/pcr.
)
LaTeX Font Info:    Font shape `JT1/mc/bx/n' in size <10> not available
(Font)              Font shape `JT1/gt/m/n' tried instead on input line 99.
LaTeX Font Info:    Font shape `JY1/mc/bx/n' in size <10> not available
(Font)              Font shape `JY1/gt/m/n' tried instead on input line 99.
LaTeX Font Info:    Font shape `JY1/gt/m/n' will be
(Font)              scaled to size 9.6222pt on input line 99.
LaTeX Font Info:    Font shape `OT1/ptm/bx/n' in size <10> not available
(Font)              Font shape `OT1/ptm/b/n' tried instead on input line 99.
 (/usr/local/texlive/2025/texmf-dist/tex/latex/l3backend/l3backend-dvips.def
File: l3backend-dvips.def 2025-06-09 L3 backend support: dvips
\l__pdfannot_backend_content_box=\box84
\l__pdfannot_backend_model_box=\box85
\g__pdfannot_backend_int=\count301
\g__pdfannot_backend_link_int=\count302
\g__pdfannot_backend_link_sf_int=\count303
) (./guide.aux)
\openout1 = `guide.aux'.

LaTeX Font Info:    Checking defaults for OML/cmm/m/it on input line 107.
LaTeX Font Info:    ... okay on input line 107.
LaTeX Font Info:    Checking defaults for OMS/cmsy/m/n on input line 107.
LaTeX Font Info:    ... okay on input line 107.
LaTeX Font Info:    Checking defaults for OT1/cmr/m/n on input line 107.
LaTeX Font Info:    ... okay on input line 107.
LaTeX Font Info:    Checking defaults for T1/cmr/m/n on input line 107.
LaTeX Font Info:    ... okay on input line 107.
LaTeX Font Info:    Checking defaults for TS1/cmr/m/n on input line 107.
LaTeX Font Info:    ... okay on input line 107.
LaTeX Font Info:    Checking defaults for OMX/cmex/m/n on input line 107.
LaTeX Font Info:    ... okay on input line 107.
LaTeX Font Info:    Checking defaults for U/cmr/m/n on input line 107.
LaTeX Font Info:    ... okay on input line 107.
LaTeX Font Info:    Checking defaults for JY1/mc/m/n on input line 107.
LaTeX Font Info:    ... okay on input line 107.
LaTeX Font Info:    Checking defaults for JT1/mc/m/n on input line 107.
LaTeX Font Info:    ... okay on input line 107.
LaTeX Font Info:    Font shape `JY1/mc/m/n' will be
(Font)              scaled to size 23.94002pt on input line 108.
LaTeX Font Info:    Font shape `JY1/mc/m/n' will be
(Font)              scaled to size 13.85594pt on input line 108.
LaTeX Font Info:    Font shape `JT1/mc/b/n' in size <14.4> not available
(Font)              Font shape `JT1/mc/bx/n' tried instead on input line 108.
LaTeX Font Info:    Font shape `JT1/mc/bx/n' in size <14.4> not available
(Font)              Font shape `JT1/gt/m/n' tried instead on input line 108.
LaTeX Font Info:    Font shape `JY1/mc/b/n' in size <14.4> not available
(Font)              Font shape `JY1/mc/bx/n' tried instead on input line 108.
LaTeX Font Info:    Font shape `JY1/mc/bx/n' in size <14.4> not available
(Font)              Font shape `JY1/gt/m/n' tried instead on input line 108.
LaTeX Font Info:    Font shape `JY1/gt/m/n' will be
(Font)              scaled to size 13.85594pt on input line 108.
LaTeX Font Info:    Trying to load font information for U+lasy on input line 108.
 (/usr/local/texlive/2025/texmf-dist/tex/latex/base/ulasy.fd
File: ulasy.fd 1998/08/17 v2.2e LaTeX symbol font definitions
)
LaTeX Font Info:    Font shape `JY1/mc/m/n' will be
(Font)              scaled to size 6.73553pt on input line 108.
LaTeX Font Info:    External font `min5 at5.175pt' loaded for size
(Font)              <5> on input line 108.
LaTeX Font Info:    Font shape `JY1/mc/m/n' will be
(Font)              scaled to size 11.54663pt on input line 108.
LaTeX Font Info:    External font `min6 at5.916pt' loaded for size
(Font)              <6> on input line 108.
LaTeX Font Info:    External font `min8 at8.128pt' loaded for size
(Font)              <8> on input line 108.
LaTeX Font Info:    Font shape `JT1/mc/b/n' in size <12> not available
(Font)              Font shape `JT1/mc/bx/n' tried instead on input line 110.
LaTeX Font Info:    Font shape `JT1/mc/bx/n' in size <12> not available
(Font)              Font shape `JT1/gt/m/n' tried instead on input line 110.
LaTeX Font Info:    Font shape `JY1/mc/b/n' in size <12> not available
(Font)              Font shape `JY1/mc/bx/n' tried instead on input line 110.
LaTeX Font Info:    Font shape `JY1/mc/bx/n' in size <12> not available
(Font)              Font shape `JY1/gt/m/n' tried instead on input line 110.
LaTeX Font Info:    Font shape `JY1/gt/m/n' will be
(Font)              scaled to size 11.54663pt on input line 110.
LaTeX Font Info:    Font shape `JT1/mc/b/n' in size <10> not available
(Font)              Font shape `JT1/mc/bx/n' tried instead on input line 135.
LaTeX Font Info:    Font shape `JT1/mc/bx/n' in size <10> not available
(Font)              Font shape `JT1/gt/m/n' tried instead on input line 135.
LaTeX Font Info:    Font shape `JY1/mc/b/n' in size <10> not available
(Font)              Font shape `JY1/mc/bx/n' tried instead on input line 135.
LaTeX Font Info:    Font shape `JY1/mc/bx/n' in size <10> not available
(Font)              Font shape `JY1/gt/m/n' tried instead on input line 135.
LaTeX Font Info:    Font shape `JY1/gt/m/n' will be
(Font)              scaled to size 9.6222pt on input line 135.




LaTeX Font Info:    External font `min8 at8.872pt' loaded for size
(Font)              <9> on input line 143.
LaTeX Font Info:    Font shape `JT1/mc/m/sl' in size <9> not available
(Font)              Font shape `JT1/mc/m/n' tried instead on input line 143.
LaTeX Font Info:    Font shape `JY1/mc/m/sl' in size <9> not available
(Font)              Font shape `JY1/mc/m/n' tried instead on input line 143.
LaTeX Font Info:    External font `min8 at8.872pt' loaded for size
(Font)              <9> on input line 143.
[1

]
File: ../images/relay_2.eps Graphic file (type eps)
 <../images/relay_2.eps>
LaTeX Font Info:    Font shape `JT1/mc/b/n' in size <8> not available
(Font)              Font shape `JT1/mc/bx/n' tried instead on input line 165.
LaTeX Font Info:    Font shape `JT1/mc/bx/n' in size <8> not available
(Font)              Font shape `JT1/gt/m/n' tried instead on input line 165.
LaTeX Font Info:    Font shape `JY1/mc/b/n' in size <8> not available
(Font)              Font shape `JY1/mc/bx/n' tried instead on input line 165.
LaTeX Font Info:    Font shape `JY1/mc/bx/n' in size <8> not available
(Font)              Font shape `JY1/gt/m/n' tried instead on input line 165.
LaTeX Font Info:    External font `goth8 at8.128pt' loaded for size
(Font)              <8> on input line 165.


File: ../images/baton_real_1.eps Graphic file (type eps)
<../images/baton_real_1.eps>

[2]



[3]

File: ../images/sim_overview.eps Graphic file (type eps)
<../images/sim_overview.eps>
Underfull \hbox (badness 10000) in paragraph at lines 497--497
[]|\JY1/mc/m/n/8 バトン追従カメラの
 []


Underfull \hbox (badness 10000) in paragraph at lines 497--497
[]|\OT1/ptm/m/n/8 Runner
 []


Underfull \hbox (badness 10000) in paragraph at lines 497--497
[]|\OT1/ptm/m/n/8 Runner
 []


Underfull \hbox (badness 10000) in paragraph at lines 497--497
[]|\OT1/ptm/m/n/8 Runner
 []


Underfull \hbox (badness 10000) in paragraph at lines 497--497
[]|\OT1/ptm/m/n/8 Runner
 []


Underfull \hbox (badness 10000) in paragraph at lines 497--497
[]|\JY1/mc/m/n/8 個人間相互作用成分の
 []


Underfull \hbox (badness 2717) in paragraph at lines 497--497
[]|\OT1/ptm/m/n/8 Passer (P) $\OML/cmm/m/it/8 >$ \OT1/ptm/m/n/8 Range
 []



[4]
LaTeX Font Info:    Trying to load font information for TS1+ptm on input line 505.
 (/usr/local/texlive/2025/texmf-dist/tex/latex/psnfss/ts1ptm.fd
File: ts1ptm.fd 2001/06/04 font definitions for TS1/ptm.
)
File: ../images/graph.eps Graphic file (type eps)
 <../images/graph.eps>



[5]
File: ../images/pitch.eps Graphic file (type eps)
 <../images/pitch.eps>
File: ../images/stride.eps Graphic file (type eps)
 <../images/stride.eps>

File: ../images/phase_transition.eps Graphic file (type eps)
<../images/phase_transition.eps>

[6]
File: ../images/stridesample.eps Graphic file (type eps)
 <../images/stridesample.eps>



[7]
Overfull \hbox (10.12982pt too wide) in paragraph at lines 812--826
 [][] 
 []

File: ../images/events.eps Graphic file (type eps)
<../images/events.eps>
File: ../images/failures.eps Graphic file (type eps)
 <../images/failures.eps>

LaTeX Warning: \oval, \circle, or \line size unavailable on input line 901.





[8]

(./guide.bbl
LaTeX Font Info:    Font shape `JT1/gt/m/it' in size <8> not available
(Font)              Font shape `JT1/gt/m/n' tried instead on input line 4.
LaTeX Font Info:    Font shape `JY1/gt/m/it' in size <8> not available
(Font)              Font shape `JY1/gt/m/n' tried instead on input line 4.
LaTeX Font Info:    External font `goth8 at8.128pt' loaded for size
(Font)              <8> on input line 4.


[9])
Style jsai Warning: Profile's name "堀内隆仁" doesn't have a space.
Style jsai Warning: Profile's name "古川大晃" doesn't have a space.
Style jsai Warning: Profile's name "児玉謙太郎" doesn't have a space.




[10] (./guide.aux)
 ***********
pLaTeX2e <2023-02-14>+1, based on
LaTeX2e <2025-06-01> patch level 1
L3 programming layer <2025-06-09>
 ***********
 ) 
Here is how much of TeX's memory you used:
 3497 strings out of 468532
 51752 string characters out of 5449413
 507992 words of memory out of 5000000
 32000 multiletter control sequences out of 15000+600000
 651152 words of font info for 124 fonts, out of 8000000 for 9000
 929 hyphenation exceptions out of 8191
 57i,15n,65p,498b,527s stack positions out of 10000i,1000n,20000p,200000b,200000s

Output written on guide.dvi (10 pages, 89060 bytes).
