This is e-upTeX, Version 3.141592653-p4.1.2-u2.00-250202-2.6 (utf8.euc) (TeX Live 2025) (preloaded format=platex 2025.7.5)  10 APR 2026 09:43
entering extended mode
 restricted \write18 enabled.
 %&-line parsing enabled.
**sty/template-j.tex
(./sty/template-j.tex
pLaTeX2e <2023-02-14>+1, based on
LaTeX2e <2025-06-01> patch level 1
L3 programming layer <2025-06-09>

! LaTeX Error: File `jsaiart.cls' not found.

Type X to quit or <RETURN> to proceed,
or enter new name. (Default extension: cls)

Enter file name: 
! Emergency stop.
<read *> 
         
l.17 ^^M
        
*** (cannot \read from terminal in nonstop modes)

 
Here is how much of TeX's memory you used:
 21 strings out of 468532
 390 string characters out of 5449413
 417863 words of memory out of 5000000
 28678 multiletter control sequences out of 15000+600000
 630696 words of font info for 57 fonts, out of 8000000 for 9000
 929 hyphenation exceptions out of 8191
 19i,0n,29p,102b,18s stack positions out of 10000i,1000n,20000p,200000b,200000s
No pages of output.
